<?xml version="1.0" encoding="UTF-8"?>
<!-- Generated by org.testng.reporters.JUnitReportReporter -->
<testsuite name="Launch1" tests="1" time="13.191" ignored="0" failures="0" timestamp="24 Jan 2020 06:08:22 GMT" skipped="0" hostname="9P4G6BS" errors="0">
  <testcase name="test" time="13.191" classname="Launch1"/>
</testsuite> <!-- Launch1 -->
